Using pre-set license
Built from '2020.3/staging' branch; Version is '2020.3.10f1 (297d780c91bc) revision 2719096'; Using compiler version '192528614'; Build Type 'Release'
OS: 'Windows 10 Pro; OS build 19043.1645; Version 2009; 64bit' Language: 'tr' Physical Memory: 16315 MB
BatchMode: 1, IsHumanControllingUs: 0, StartBugReporterOnCrash: 0, Is64bit: 1, IsPro: 0

 COMMAND LINE ARGUMENTS:
C:\Program Files\Unity\Hub\Editor\2020.3.10f1\Editor\Unity.exe
-adb2
-batchMode
-noUpm
-name
AssetImportWorker0
-projectPath
C:/Users/erik_/OneDrive/Masaüstü/Panteon
-logFile
Logs/AssetImportWorker0.log
-srvPort
38160
Successfully changed project path to: C:/Users/erik_/OneDrive/Masaüstü/Panteon
C:/Users/erik_/OneDrive/Masaüstü/Panteon
Using Asset Import Pipeline V2.
Refreshing native plugins compatible for Editor in 82.42 ms, found 3 plugins.
Preloading 0 native plugins for Editor in 0.00 ms.
Initialize engine version: 2020.3.10f1 (297d780c91bc)
[Subsystems] Discovering subsystems at path C:/Program Files/Unity/Hub/Editor/2020.3.10f1/Editor/Data/Resources/UnitySubsystems
[Subsystems] Discovering subsystems at path C:/Users/erik_/OneDrive/Masaüstü/Panteon/Assets
GfxDevice: creating device client; threaded=0
Direct3D:
    Version:  Direct3D 11.0 [level 11.1]
    Renderer: NVIDIA GeForce RTX 2060 (ID=0x1e89)
    Vendor:   
    VRAM:     5968 MB
    Driver:   30.0.15.1259
Initialize mono
Mono path[0] = 'C:/Program Files/Unity/Hub/Editor/2020.3.10f1/Editor/Data/Managed'
Mono path[1] = 'C:/Program Files/Unity/Hub/Editor/2020.3.10f1/Editor/Data/MonoBleedingEdge/lib/mono/unityjit'
Mono config path = 'C:/Program Files/Unity/Hub/Editor/2020.3.10f1/Editor/Data/MonoBleedingEdge/etc'
Using monoOptions --debugger-agent=transport=dt_socket,embedding=1,server=y,suspend=n,address=127.0.0.1:56852
Begin MonoManager ReloadAssembly
Registering precompiled unity dll's ...
Register platform support module: C:/Program Files/Unity/Hub/Editor/2020.3.10f1/Editor/Data/PlaybackEngines/WindowsStandaloneSupport/UnityEditor.WindowsStandalone.Extensions.dll
Registered in 0.001890 seconds.
Native extension for WindowsStandalone target not found
Refreshing native plugins compatible for Editor in 82.25 ms, found 3 plugins.
Preloading 0 native plugins for Editor in 0.00 ms.
Mono: successfully reloaded assembly
- Completed reload, in  1.608 seconds
Platform modules already initialized, skipping
Registering precompiled user dll's ...
Registered in 0.005639 seconds.
Begin MonoManager ReloadAssembly
Symbol file LoadedFromMemory doesn't match image C:\Users\erik_\OneDrive\Masaüstü\Panteon\Library\PackageCache\com.unity.visualscripting@1.6.1\Editor\VisualScripting.Core\Dependencies\YamlDotNet\Unity.VisualScripting.YamlDotNet.dll
Symbol file LoadedFromMemory doesn't match image C:\Users\erik_\OneDrive\Masaüstü\Panteon\Library\PackageCache\com.unity.visualscripting@1.6.1\Editor\VisualScripting.Core\Dependencies\DotNetZip\Unity.VisualScripting.IonicZip.dll
Native extension for WindowsStandalone target not found
Refreshing native plugins compatible for Editor in 81.83 ms, found 3 plugins.
Preloading 0 native plugins for Editor in 0.00 ms.
Mono: successfully reloaded assembly
- Completed reload, in  1.078 seconds
Platform modules already initialized, skipping
========================================================================
Worker process is ready to serve import requests
Launched and connected shader compiler UnityShaderCompiler.exe after 0.04 seconds
Refreshing native plugins compatible for Editor in 0.67 ms, found 3 plugins.
Preloading 0 native plugins for Editor in 0.00 ms.
Unloading 3268 Unused Serialized files (Serialized files now loaded: 0)
System memory in use before: 116.5 MB.
System memory in use after: 116.7 MB.

Unloading 25 unused Assets to reduce memory usage. Loaded Objects now: 3699.
Total: 2.224600 ms (FindLiveObjects: 0.288500 ms CreateObjectMapping: 0.099000 ms MarkObjects: 1.784300 ms  DeleteObjects: 0.052000 ms)

========================================================================
Received Import Request.
  path: Assets/Assets/Paintz Free/Scripts/Resources/splat_tile.tga
  artifactKey: Guid(e51291d9ba813ec4f8a6350e43a1f075) Importer(815301076,1909f56bfc062723c751e8b465ee728b)
Start importing Assets/Assets/Paintz Free/Scripts/Resources/splat_tile.tga using Guid(e51291d9ba813ec4f8a6350e43a1f075) Importer(815301076,1909f56bfc062723c751e8b465ee728b)  -> (artifact id: '57b75c55a1bbece46ee9b9be103eddc9') in 0.054043 seconds
  Import took 0.059223 seconds .

========================================================================
Received Import Request.
  Time since last request: 0.000166 seconds.
  path: Assets/Assets/Paintz Free/Scripts/Resources/Shaders/Utility
  artifactKey: Guid(8d3bebb7b9c5d0c4889350ee4a9af45c) Importer(815301076,1909f56bfc062723c751e8b465ee728b)
Start importing Assets/Assets/Paintz Free/Scripts/Resources/Shaders/Utility using Guid(8d3bebb7b9c5d0c4889350ee4a9af45c) Importer(815301076,1909f56bfc062723c751e8b465ee728b)  -> (artifact id: '3fdd035be6fbed9a4275006c86845b4f') in 0.006755 seconds
  Import took 0.012020 seconds .

========================================================================
Received Import Request.
  Time since last request: 0.000181 seconds.
  path: Assets/Assets/Paintz Free/Scripts/Resources/splats.tga
  artifactKey: Guid(f66159b1d87ac7c42bb17699914f00a6) Importer(815301076,1909f56bfc062723c751e8b465ee728b)
Start importing Assets/Assets/Paintz Free/Scripts/Resources/splats.tga using Guid(f66159b1d87ac7c42bb17699914f00a6) Importer(815301076,1909f56bfc062723c751e8b465ee728b)  -> (artifact id: '2a9af29257d284e46a1642040075b5bc') in 0.040929 seconds
  Import took 0.045838 seconds .

========================================================================
Received Import Request.
  Time since last request: 0.000153 seconds.
  path: Assets/Assets/Paintz Free/Scripts/Resources
  artifactKey: Guid(8e715c4f5721b8346910a2f02c16ce04) Importer(815301076,1909f56bfc062723c751e8b465ee728b)
Start importing Assets/Assets/Paintz Free/Scripts/Resources using Guid(8e715c4f5721b8346910a2f02c16ce04) Importer(815301076,1909f56bfc062723c751e8b465ee728b)  -> (artifact id: '039d01485f936720d2cf507a9b05e14a') in 0.004964 seconds
  Import took 0.009918 seconds .

========================================================================
Received Import Request.
  Time since last request: 0.000192 seconds.
  path: Assets/Assets/Paintz Free/Scripts/Resources/Shaders
  artifactKey: Guid(1b6592f70ef93d84ab0bf8bc2ca25c72) Importer(815301076,1909f56bfc062723c751e8b465ee728b)
Start importing Assets/Assets/Paintz Free/Scripts/Resources/Shaders using Guid(1b6592f70ef93d84ab0bf8bc2ca25c72) Importer(815301076,1909f56bfc062723c751e8b465ee728b)  -> (artifact id: '16fde5113400d7df2d7b6953e3b2c518') in 0.005398 seconds
  Import took 0.010367 seconds .

========================================================================
Received Import Request.
  Time since last request: 12.272054 seconds.
  path: Assets/Assets/Paintz Free/Scripts/Editor
  artifactKey: Guid(dc1f6cdcb81f00a4c95661b2505974a8) Importer(815301076,1909f56bfc062723c751e8b465ee728b)
Start importing Assets/Assets/Paintz Free/Scripts/Editor using Guid(dc1f6cdcb81f00a4c95661b2505974a8) Importer(815301076,1909f56bfc062723c751e8b465ee728b)  -> (artifact id: '8c5183b19ec872c208eba025e9c81aa9') in 0.006853 seconds
  Import took 0.020793 seconds .

========================================================================
Received Import Request.
  Time since last request: 3.091932 seconds.
  path: Assets/Assets/Paintz Free/Demo/Scripts/PaintExample.cs
  artifactKey: Guid(aa5a0ac0cb4a84d41a66bfd90a87491a) Importer(815301076,1909f56bfc062723c751e8b465ee728b)
Start importing Assets/Assets/Paintz Free/Demo/Scripts/PaintExample.cs using Guid(aa5a0ac0cb4a84d41a66bfd90a87491a) Importer(815301076,1909f56bfc062723c751e8b465ee728b)  -> (artifact id: '17665b7d69446bb30f496d443aced6dc') in 0.007859 seconds
  Import took 0.020840 seconds .

========================================================================
Received Import Request.
  Time since last request: 0.008778 seconds.
  path: Assets/Assets/Paintz Free/Demo/Scripts/PaintExample.cs
  artifactKey: Guid(aa5a0ac0cb4a84d41a66bfd90a87491a) Importer(815301076,1909f56bfc062723c751e8b465ee728b)
Start importing Assets/Assets/Paintz Free/Demo/Scripts/PaintExample.cs using Guid(aa5a0ac0cb4a84d41a66bfd90a87491a) Importer(815301076,1909f56bfc062723c751e8b465ee728b)  -> (artifact id: '17665b7d69446bb30f496d443aced6dc') in 0.002267 seconds
  Import took 0.006216 seconds .

========================================================================
Received Import Request.
  Time since last request: 15.041218 seconds.
  path: Assets/Assets/Paintz Free/Scripts/PaintTarget.cs
  artifactKey: Guid(40ed8ad4fc591514692edfe1dbb12e42) Importer(815301076,1909f56bfc062723c751e8b465ee728b)
Start importing Assets/Assets/Paintz Free/Scripts/PaintTarget.cs using Guid(40ed8ad4fc591514692edfe1dbb12e42) Importer(815301076,1909f56bfc062723c751e8b465ee728b)  -> (artifact id: '780b7147d9a3f97c8651ae6296ecaaf4') in 0.006153 seconds
  Import took 0.011669 seconds .

========================================================================
Received Import Request.
  Time since last request: 2.705763 seconds.
  path: Assets/Assets/Paintz Free/Scripts/Paint.cs
  artifactKey: Guid(f15d289e2b54a37478dd5bb9c0c483f6) Importer(815301076,1909f56bfc062723c751e8b465ee728b)
Start importing Assets/Assets/Paintz Free/Scripts/Paint.cs using Guid(f15d289e2b54a37478dd5bb9c0c483f6) Importer(815301076,1909f56bfc062723c751e8b465ee728b)  -> (artifact id: '4db6e1922aea2b4e7fa9302a37a930a8') in 0.005700 seconds
  Import took 0.018760 seconds .

========================================================================
Received Prepare
Registering precompiled user dll's ...
Registered in 0.005901 seconds.
Begin MonoManager ReloadAssembly
Symbol file LoadedFromMemory doesn't match image C:\Users\erik_\OneDrive\Masaüstü\Panteon\Library\PackageCache\com.unity.visualscripting@1.6.1\Editor\VisualScripting.Core\Dependencies\YamlDotNet\Unity.VisualScripting.YamlDotNet.dll
Symbol file LoadedFromMemory doesn't match image C:\Users\erik_\OneDrive\Masaüstü\Panteon\Library\PackageCache\com.unity.visualscripting@1.6.1\Editor\VisualScripting.Core\Dependencies\DotNetZip\Unity.VisualScripting.IonicZip.dll
Native extension for WindowsStandalone target not found
Refreshing native plugins compatible for Editor in 14.48 ms, found 3 plugins.
Preloading 0 native plugins for Editor in 0.00 ms.
Mono: successfully reloaded assembly
- Completed reload, in  1.013 seconds
Platform modules already initialized, skipping
Switching build target platform(19) subTarget(0) extendedPlatform(0) -> platform(13) subTarget(537395200) extendedPlatform(0)
Refreshing native plugins compatible for Editor in 0.71 ms, found 3 plugins.
Preloading 0 native plugins for Editor in 0.00 ms.
Unloading 3260 Unused Serialized files (Serialized files now loaded: 0)
System memory in use before: 116.1 MB.
System memory in use after: 116.3 MB.

Unloading 18 unused Assets to reduce memory usage. Loaded Objects now: 3703.
Total: 2.197600 ms (FindLiveObjects: 0.303000 ms CreateObjectMapping: 0.086200 ms MarkObjects: 1.785700 ms  DeleteObjects: 0.021600 ms)

AssetImportParameters requested are different than current active one (requested -> active):
  custom:graphics/normal-map-encoding: 01000000000000000000000000000000 -> 02000000000000000000000000000000
========================================================================
Received Prepare
Registering precompiled user dll's ...
Registered in 0.005879 seconds.
Begin MonoManager ReloadAssembly
Symbol file LoadedFromMemory doesn't match image C:\Users\erik_\OneDrive\Masaüstü\Panteon\Library\PackageCache\com.unity.visualscripting@1.6.1\Editor\VisualScripting.Core\Dependencies\YamlDotNet\Unity.VisualScripting.YamlDotNet.dll
Symbol file LoadedFromMemory doesn't match image C:\Users\erik_\OneDrive\Masaüstü\Panteon\Library\PackageCache\com.unity.visualscripting@1.6.1\Editor\VisualScripting.Core\Dependencies\DotNetZip\Unity.VisualScripting.IonicZip.dll
Native extension for WindowsStandalone target not found
Refreshing native plugins compatible for Editor in 0.74 ms, found 3 plugins.
Preloading 0 native plugins for Editor in 0.00 ms.
Mono: successfully reloaded assembly
- Completed reload, in  1.022 seconds
Platform modules already initialized, skipping
Switching build target platform(19) subTarget(0) extendedPlatform(0) -> platform(13) subTarget(537395200) extendedPlatform(0)
Refreshing native plugins compatible for Editor in 0.71 ms, found 3 plugins.
Preloading 0 native plugins for Editor in 0.00 ms.
Unloading 3260 Unused Serialized files (Serialized files now loaded: 0)
System memory in use before: 116.2 MB.
System memory in use after: 116.4 MB.

Unloading 18 unused Assets to reduce memory usage. Loaded Objects now: 3705.
Total: 2.205300 ms (FindLiveObjects: 0.283200 ms CreateObjectMapping: 0.078900 ms MarkObjects: 1.825300 ms  DeleteObjects: 0.016900 ms)

AssetImportParameters requested are different than current active one (requested -> active):
  custom:graphics/normal-map-encoding: 01000000000000000000000000000000 -> 02000000000000000000000000000000
========================================================================
Received Prepare
Registering precompiled user dll's ...
Registered in 0.006560 seconds.
Begin MonoManager ReloadAssembly
Symbol file LoadedFromMemory doesn't match image C:\Users\erik_\OneDrive\Masaüstü\Panteon\Library\PackageCache\com.unity.visualscripting@1.6.1\Editor\VisualScripting.Core\Dependencies\YamlDotNet\Unity.VisualScripting.YamlDotNet.dll
Symbol file LoadedFromMemory doesn't match image C:\Users\erik_\OneDrive\Masaüstü\Panteon\Library\PackageCache\com.unity.visualscripting@1.6.1\Editor\VisualScripting.Core\Dependencies\DotNetZip\Unity.VisualScripting.IonicZip.dll
Native extension for WindowsStandalone target not found
Refreshing native plugins compatible for Editor in 0.75 ms, found 3 plugins.
Preloading 0 native plugins for Editor in 0.00 ms.
Mono: successfully reloaded assembly
- Completed reload, in  1.069 seconds
Platform modules already initialized, skipping
Switching build target platform(19) subTarget(0) extendedPlatform(0) -> platform(13) subTarget(537395200) extendedPlatform(0)
Refreshing native plugins compatible for Editor in 0.72 ms, found 3 plugins.
Preloading 0 native plugins for Editor in 0.00 ms.
Unloading 3260 Unused Serialized files (Serialized files now loaded: 0)
System memory in use before: 116.2 MB.
System memory in use after: 116.4 MB.

Unloading 18 unused Assets to reduce memory usage. Loaded Objects now: 3707.
Total: 2.490200 ms (FindLiveObjects: 0.280200 ms CreateObjectMapping: 0.075700 ms MarkObjects: 2.113400 ms  DeleteObjects: 0.019600 ms)

AssetImportParameters requested are different than current active one (requested -> active):
  custom:graphics/normal-map-encoding: 01000000000000000000000000000000 -> 02000000000000000000000000000000
========================================================================
Received Import Request.
  Time since last request: 246.564058 seconds.
  path: Assets/Scenes/EndedGame.unity
  artifactKey: Guid(0e5589ce005dda745b315875134de683) Importer(815301076,1909f56bfc062723c751e8b465ee728b)
Start importing Assets/Scenes/EndedGame.unity using Guid(0e5589ce005dda745b315875134de683) Importer(815301076,1909f56bfc062723c751e8b465ee728b)  -> (artifact id: '0c1ef3bcdf3862dcd127c4e6d07f026b') in 0.018863 seconds
  Import took 0.031365 seconds .

========================================================================
Received Import Request.
  Time since last request: 26.752719 seconds.
  path: Assets/Scenes/SampleScene.unity
  artifactKey: Guid(ab3b0ef1bf7501545aaea560c85208c0) Importer(815301076,1909f56bfc062723c751e8b465ee728b)
Start importing Assets/Scenes/SampleScene.unity using Guid(ab3b0ef1bf7501545aaea560c85208c0) Importer(815301076,1909f56bfc062723c751e8b465ee728b)  -> (artifact id: 'd755e768c53002f50a851d3ba051b927') in 0.006166 seconds
  Import took 0.019931 seconds .

========================================================================
Received Import Request.
  Time since last request: 3.544154 seconds.
  path: Assets/Scenes/Level 1.unity
  artifactKey: Guid(9fc0d4010bbf28b4594072e72b8655ab) Importer(815301076,1909f56bfc062723c751e8b465ee728b)
Start importing Assets/Scenes/Level 1.unity using Guid(9fc0d4010bbf28b4594072e72b8655ab) Importer(815301076,1909f56bfc062723c751e8b465ee728b)  -> (artifact id: '5d87aaf823b16a520fa9de63b631432e') in 0.006282 seconds
  Import took 0.022432 seconds .

========================================================================
Received Prepare
Registering precompiled user dll's ...
Registered in 0.005969 seconds.
Begin MonoManager ReloadAssembly
Symbol file LoadedFromMemory doesn't match image C:\Users\erik_\OneDrive\Masaüstü\Panteon\Library\PackageCache\com.unity.visualscripting@1.6.1\Editor\VisualScripting.Core\Dependencies\YamlDotNet\Unity.VisualScripting.YamlDotNet.dll
Symbol file LoadedFromMemory doesn't match image C:\Users\erik_\OneDrive\Masaüstü\Panteon\Library\PackageCache\com.unity.visualscripting@1.6.1\Editor\VisualScripting.Core\Dependencies\DotNetZip\Unity.VisualScripting.IonicZip.dll
Native extension for WindowsStandalone target not found
Refreshing native plugins compatible for Editor in 0.69 ms, found 3 plugins.
Preloading 0 native plugins for Editor in 0.00 ms.
Mono: successfully reloaded assembly
- Completed reload, in  1.019 seconds
Platform modules already initialized, skipping
Switching build target platform(19) subTarget(0) extendedPlatform(0) -> platform(13) subTarget(537395200) extendedPlatform(0)
Refreshing native plugins compatible for Editor in 0.75 ms, found 3 plugins.
Preloading 0 native plugins for Editor in 0.00 ms.
Unloading 3260 Unused Serialized files (Serialized files now loaded: 0)
System memory in use before: 116.2 MB.
System memory in use after: 116.5 MB.

Unloading 18 unused Assets to reduce memory usage. Loaded Objects now: 3709.
Total: 2.318000 ms (FindLiveObjects: 0.332400 ms CreateObjectMapping: 0.084800 ms MarkObjects: 1.883300 ms  DeleteObjects: 0.016500 ms)

AssetImportParameters requested are different than current active one (requested -> active):
  custom:graphics/normal-map-encoding: 01000000000000000000000000000000 -> 02000000000000000000000000000000
========================================================================
Received Import Request.
  Time since last request: 50.912329 seconds.
  path: Assets/Scenes/SampleScene.unity
  artifactKey: Guid(ab3b0ef1bf7501545aaea560c85208c0) Importer(815301076,1909f56bfc062723c751e8b465ee728b)
Start importing Assets/Scenes/SampleScene.unity using Guid(ab3b0ef1bf7501545aaea560c85208c0) Importer(815301076,1909f56bfc062723c751e8b465ee728b)  -> (artifact id: '079047dae7fd52989a2332c844cfb855') in 0.011854 seconds
  Import took 0.025169 seconds .

========================================================================
Received Prepare
Registering precompiled user dll's ...
Registered in 0.005856 seconds.
Begin MonoManager ReloadAssembly
Symbol file LoadedFromMemory doesn't match image C:\Users\erik_\OneDrive\Masaüstü\Panteon\Library\PackageCache\com.unity.visualscripting@1.6.1\Editor\VisualScripting.Core\Dependencies\YamlDotNet\Unity.VisualScripting.YamlDotNet.dll
Symbol file LoadedFromMemory doesn't match image C:\Users\erik_\OneDrive\Masaüstü\Panteon\Library\PackageCache\com.unity.visualscripting@1.6.1\Editor\VisualScripting.Core\Dependencies\DotNetZip\Unity.VisualScripting.IonicZip.dll
Native extension for WindowsStandalone target not found
Refreshing native plugins compatible for Editor in 0.75 ms, found 3 plugins.
Preloading 0 native plugins for Editor in 0.00 ms.
Mono: successfully reloaded assembly
- Completed reload, in  1.014 seconds
Platform modules already initialized, skipping
Switching build target platform(19) subTarget(0) extendedPlatform(0) -> platform(13) subTarget(537395200) extendedPlatform(0)
Refreshing native plugins compatible for Editor in 0.72 ms, found 3 plugins.
Preloading 0 native plugins for Editor in 0.00 ms.
Unloading 3260 Unused Serialized files (Serialized files now loaded: 0)
System memory in use before: 116.3 MB.
System memory in use after: 116.5 MB.

Unloading 18 unused Assets to reduce memory usage. Loaded Objects now: 3711.
Total: 2.256100 ms (FindLiveObjects: 0.294600 ms CreateObjectMapping: 0.100000 ms MarkObjects: 1.844900 ms  DeleteObjects: 0.015500 ms)

AssetImportParameters requested are different than current active one (requested -> active):
  custom:graphics/normal-map-encoding: 01000000000000000000000000000000 -> 02000000000000000000000000000000
AssetImportWorkerClient::OnTransportError - code=2 error=End of file
